#! /usr/local/Cellar/icarus-verilog/12.0/bin/vvp
:ivl_version "12.0 (stable)";
:ivl_delay_selection "TYPICAL";
:vpi_time_precision - 12;
:vpi_module "/usr/local/Cellar/icarus-verilog/12.0/lib/ivl/system.vpi";
:vpi_module "/usr/local/Cellar/icarus-verilog/12.0/lib/ivl/vhdl_sys.vpi";
:vpi_module "/usr/local/Cellar/icarus-verilog/12.0/lib/ivl/vhdl_textio.vpi";
:vpi_module "/usr/local/Cellar/icarus-verilog/12.0/lib/ivl/v2005_math.vpi";
:vpi_module "/usr/local/Cellar/icarus-verilog/12.0/lib/ivl/va_math.vpi";
:vpi_module "/usr/local/Cellar/icarus-verilog/12.0/lib/ivl/v2009.vpi";
S_0x7f87a420ef90 .scope package, "$unit" "$unit" 2 1;
 .timescale 0 0;
S_0x7f87a420f140 .scope module, "tb_notch_filter" "tb_notch_filter" 3 3;
 .timescale -9 -12;
P_0x7f87a420d070 .param/l "DATA_WIDTH" 1 3 14, +C4<00000000000000000000000000010000>;
P_0x7f87a420d0b0 .param/real "FS" 1 3 15, Cr<m5b8d800000000000gfd8>; value=6.00000e+06
P_0x7f87a420d0f0 .param/l "NUM_SAMPLES" 1 3 16, +C4<00000000000000000000100000000000>;
v0x7f87a421fc70_0 .var "clk", 0 0;
v0x7f87a421fd00_0 .var/s "data_i", 15 0;
v0x7f87a421fd90_0 .net/s "data_o", 15 0, v0x7f87a421f5b0_0;  1 drivers
v0x7f87a421fe60_0 .var/2s "fd", 31 0;
v0x7f87a421fef0_0 .var/i "i", 31 0;
v0x7f87a421ffc0_0 .var "rst_n", 0 0;
v0x7f87a4220050_0 .var/real "t", 0 0;
v0x7f87a42200e0_0 .var/2s "temp_val", 31 0;
v0x7f87a4220190_0 .var/real "val_1_0m", 0 0;
v0x7f87a42202b0_0 .var/real "val_2_4m", 0 0;
v0x7f87a4220350_0 .var/real "val_total", 0 0;
v0x7f87a42203f0_0 .var "valid_i", 0 0;
v0x7f87a42204a0_0 .net "valid_o", 0 0, v0x7f87a421f980_0;  1 drivers
E_0x7f87a420d980 .event posedge, v0x7f87a420f5e0_0;
S_0x7f87a420f2b0 .scope module, "u_dut" "notch_filter" 3 44, 4 3 0, S_0x7f87a420f140;
 .timescale -9 -12;
    .port_info 0 /INPUT 1 "clk";
    .port_info 1 /INPUT 1 "rst_n";
    .port_info 2 /INPUT 1 "valid_i";
    .port_info 3 /INPUT 16 "data_i";
    .port_info 4 /OUTPUT 1 "valid_o";
    .port_info 5 /OUTPUT 16 "data_o";
P_0x7f87a420f420 .param/l "A1" 1 4 21, +C4<0110001101100011>;
P_0x7f87a420f460 .param/l "A2" 1 4 22, +C4<0011101011011010>;
P_0x7f87a420f4a0 .param/l "B0" 1 4 18, +C4<0011110101101101>;
P_0x7f87a420f4e0 .param/l "B1" 1 4 19, +C4<0110001101100011>;
P_0x7f87a420f520 .param/l "B2" 1 4 20, +C4<0011110101101101>;
P_0x7f87a420f560 .param/l "DATA_WIDTH" 0 4 4, +C4<00000000000000000000000000010000>;
enum0x7f87a4411970 .enum4 (1)
   "ST_CALC_OUT" 1'b0,
   "ST_UPDATE_STATE" 1'b1
 ;
v0x7f87a420f5e0_0 .net "clk", 0 0, v0x7f87a421fc70_0;  1 drivers
v0x7f87a421f510_0 .net/s "data_i", 15 0, v0x7f87a421fd00_0;  1 drivers
v0x7f87a421f5b0_0 .var/s "data_o", 15 0;
v0x7f87a421f640_0 .net "rst_n", 0 0, v0x7f87a421ffc0_0;  1 drivers
v0x7f87a421f6d0_0 .var/s "s1", 31 0;
v0x7f87a421f7a0_0 .var/s "s2", 31 0;
v0x7f87a421f840_0 .var "state", 0 0;
v0x7f87a421f8e0_0 .net "valid_i", 0 0, v0x7f87a42203f0_0;  1 drivers
v0x7f87a421f980_0 .var "valid_o", 0 0;
v0x7f87a421fa90_0 .var/s "x_reg", 15 0;
v0x7f87a421fb30_0 .var/s "y_reg", 31 0;
E_0x7f87a420f5a0/0 .event negedge, v0x7f87a421f640_0;
E_0x7f87a420f5a0/1 .event posedge, v0x7f87a420f5e0_0;
E_0x7f87a420f5a0 .event/or E_0x7f87a420f5a0/0, E_0x7f87a420f5a0/1;
    .scope S_0x7f87a420f2b0;
T_0 ;
    %wait E_0x7f87a420f5a0;
    %load/vec4 v0x7f87a421f640_0;
    %nor/r;
    %flag_set/vec4 8;
    %jmp/0xz  T_0.0, 8;
    %pushi/vec4 0, 0, 1;
    %assign/vec4 v0x7f87a421f980_0, 0;
    %pushi/vec4 0, 0, 16;
    %assign/vec4 v0x7f87a421f5b0_0, 0;
    %pushi/vec4 0, 0, 32;
    %assign/vec4 v0x7f87a421f6d0_0, 0;
    %pushi/vec4 0, 0, 32;
    %assign/vec4 v0x7f87a421f7a0_0, 0;
    %pushi/vec4 0, 0, 16;
    %assign/vec4 v0x7f87a421fa90_0, 0;
    %pushi/vec4 0, 0, 32;
    %assign/vec4 v0x7f87a421fb30_0, 0;
    %pushi/vec4 0, 0, 1;
    %assign/vec4 v0x7f87a421f840_0, 0;
    %jmp T_0.1;
T_0.0 ;
    %pushi/vec4 0, 0, 1;
    %assign/vec4 v0x7f87a421f980_0, 0;
    %load/vec4 v0x7f87a421f840_0;
    %dup/vec4;
    %pushi/vec4 0, 0, 1;
    %cmp/u;
    %jmp/1 T_0.2, 6;
    %dup/vec4;
    %pushi/vec4 1, 0, 1;
    %cmp/u;
    %jmp/1 T_0.3, 6;
    %jmp T_0.4;
T_0.2 ;
    %load/vec4 v0x7f87a421f8e0_0;
    %flag_set/vec4 8;
    %jmp/0xz  T_0.5, 8;
    %load/vec4 v0x7f87a421f510_0;
    %assign/vec4 v0x7f87a421fa90_0, 0;
    %load/vec4 v0x7f87a421f510_0;
    %pad/s 32;
    %muli 15725, 0, 32;
    %load/vec4 v0x7f87a421f6d0_0;
    %add;
    %assign/vec4 v0x7f87a421fb30_0, 0;
    %pushi/vec4 1, 0, 1;
    %assign/vec4 v0x7f87a421f840_0, 0;
T_0.5 ;
    %jmp T_0.4;
T_0.3 ;
    %load/vec4 v0x7f87a421fb30_0;
    %parti/s 16, 14, 5;
    %assign/vec4 v0x7f87a421f5b0_0, 0;
    %pushi/vec4 1, 0, 1;
    %assign/vec4 v0x7f87a421f980_0, 0;
    %load/vec4 v0x7f87a421fa90_0;
    %pad/s 32;
    %muli 25443, 0, 32;
    %load/vec4 v0x7f87a421fb30_0;
    %ix/load 4, 14, 0;
    %flag_set/imm 4, 0;
    %shiftr/s 4;
    %muli 25443, 0, 32;
    %sub;
    %load/vec4 v0x7f87a421f7a0_0;
    %add;
    %assign/vec4 v0x7f87a421f6d0_0, 0;
    %load/vec4 v0x7f87a421fa90_0;
    %pad/s 32;
    %muli 15725, 0, 32;
    %load/vec4 v0x7f87a421fb30_0;
    %ix/load 4, 14, 0;
    %flag_set/imm 4, 0;
    %shiftr/s 4;
    %muli 15066, 0, 32;
    %sub;
    %assign/vec4 v0x7f87a421f7a0_0, 0;
    %pushi/vec4 0, 0, 1;
    %assign/vec4 v0x7f87a421f840_0, 0;
    %jmp T_0.4;
T_0.4 ;
    %pop/vec4 1;
T_0.1 ;
    %jmp T_0;
    .thread T_0;
    .scope S_0x7f87a420f140;
T_1 ;
    %pushi/vec4 0, 0, 1;
    %store/vec4 v0x7f87a421fc70_0, 0, 1;
T_1.0 ;
    %delay 5000, 0;
    %load/vec4 v0x7f87a421fc70_0;
    %inv;
    %store/vec4 v0x7f87a421fc70_0, 0, 1;
    %jmp T_1.0;
    %end;
    .thread T_1;
    .scope S_0x7f87a420f140;
T_2 ;
    %vpi_call/w 3 65 "$dumpfile", "notch_filter.vcd" {0 0 0};
    %vpi_call/w 3 66 "$dumpvars", 32'sb00000000000000000000000000000000, S_0x7f87a420f140 {0 0 0};
    %end;
    .thread T_2;
    .scope S_0x7f87a420f140;
T_3 ;
    %pushi/vec4 0, 0, 1;
    %store/vec4 v0x7f87a421ffc0_0, 0, 1;
    %pushi/vec4 0, 0, 1;
    %store/vec4 v0x7f87a42203f0_0, 0, 1;
    %pushi/vec4 0, 0, 16;
    %store/vec4 v0x7f87a421fd00_0, 0, 16;
    %vpi_func 3 77 "$fopen" 32, "notch_io.txt", "w" {0 0 0};
    %cast2;
    %store/vec4 v0x7f87a421fe60_0, 0, 32;
    %load/vec4 v0x7f87a421fe60_0;
    %cmpi/e 0, 0, 32;
    %jmp/0xz  T_3.0, 4;
    %vpi_call/w 3 80 "$display", "Error: Could not open output file." {0 0 0};
    %vpi_call/w 3 81 "$finish" {0 0 0};
T_3.0 ;
    %pushi/vec4 10, 0, 32;
T_3.2 %dup/vec4;
    %pushi/vec4 0, 0, 32;
    %cmp/s;
    %jmp/1xz T_3.3, 5;
    %jmp/1 T_3.3, 4;
    %pushi/vec4 1, 0, 32;
    %sub;
    %wait E_0x7f87a420d980;
    %jmp T_3.2;
T_3.3 ;
    %pop/vec4 1;
    %pushi/vec4 1, 0, 1;
    %store/vec4 v0x7f87a421ffc0_0, 0, 1;
    %pushi/vec4 10, 0, 32;
T_3.4 %dup/vec4;
    %pushi/vec4 0, 0, 32;
    %cmp/s;
    %jmp/1xz T_3.5, 5;
    %jmp/1 T_3.5, 4;
    %pushi/vec4 1, 0, 32;
    %sub;
    %wait E_0x7f87a420d980;
    %jmp T_3.4;
T_3.5 ;
    %pop/vec4 1;
    %vpi_call/w 3 89 "$display", "Starting Simulation..." {0 0 0};
    %pushi/vec4 0, 0, 32;
    %store/vec4 v0x7f87a421fef0_0, 0, 32;
T_3.6 ;
    %load/vec4 v0x7f87a421fef0_0;
    %cmpi/s 2048, 0, 32;
    %jmp/0xz T_3.7, 5;
    %load/vec4 v0x7f87a421fef0_0;
    %cvt/rv/s;
    %pushi/real 1536000000, 4088; load=6.00000e+06
    %div/wr;
    %store/real v0x7f87a4220050_0;
    %pushi/real 1608494080, 4088; load=6.28318e+06
    %load/real v0x7f87a4220050_0;
    %mul/wr;
    %vpi_func/r 3 98 "$sin", W<0,r> {0 1 0};
    %store/real v0x7f87a4220190_0;
    %pushi/real 1930192896, 4089; load=1.50796e+07
    %load/real v0x7f87a4220050_0;
    %mul/wr;
    %vpi_func/r 3 101 "$sin", W<0,r> {0 1 0};
    %store/real v0x7f87a42202b0_0;
    %load/real v0x7f87a4220190_0;
    %pushi/real 1717986918, 4063; load=0.200000
    %pushi/real 1677722, 4041; load=0.200000
    %add/wr;
    %add/wr;
    %load/real v0x7f87a42202b0_0;
    %add/wr;
    %store/real v0x7f87a4220350_0;
    %load/real v0x7f87a4220350_0;
    %pushi/real 1717986918, 4064; load=0.400000
    %pushi/real 1677722, 4042; load=0.400000
    %add/wr;
    %mul/wr;
    %pushi/real 2147418112, 4080; load=32767.0
    %mul/wr;
    %vpi_func 3 108 "$rtoi" 32, W<0,r> {0 1 0};
    %cast2;
    %store/vec4 v0x7f87a42200e0_0, 0, 32;
    %load/vec4 v0x7f87a42200e0_0;
    %cmpi/s 32767, 0, 32;
    %flag_or 5, 4; GT is !LE
    %flag_inv 5;
    %jmp/0xz  T_3.8, 5;
    %pushi/vec4 32767, 0, 32;
    %store/vec4 v0x7f87a42200e0_0, 0, 32;
T_3.8 ;
    %load/vec4 v0x7f87a42200e0_0;
    %cmpi/s 4294934528, 0, 32;
    %jmp/0xz  T_3.10, 5;
    %pushi/vec4 4294934528, 0, 32;
    %store/vec4 v0x7f87a42200e0_0, 0, 32;
T_3.10 ;
    %pushi/vec4 1, 0, 1;
    %assign/vec4 v0x7f87a42203f0_0, 0;
    %load/vec4 v0x7f87a42200e0_0;
    %parti/s 16, 0, 2;
    %assign/vec4 v0x7f87a421fd00_0, 0;
    %wait E_0x7f87a420d980;
    %pushi/vec4 0, 0, 1;
    %assign/vec4 v0x7f87a42203f0_0, 0;
    %pushi/vec4 3, 0, 32;
T_3.12 %dup/vec4;
    %pushi/vec4 0, 0, 32;
    %cmp/s;
    %jmp/1xz T_3.13, 5;
    %jmp/1 T_3.13, 4;
    %pushi/vec4 1, 0, 32;
    %sub;
    %wait E_0x7f87a420d980;
    %jmp T_3.12;
T_3.13 ;
    %pop/vec4 1;
    ; show_stmt_assign_vector: Get l-value for compressed += operand
    %load/vec4 v0x7f87a421fef0_0;
    %pushi/vec4 1, 0, 32;
    %add;
    %store/vec4 v0x7f87a421fef0_0, 0, 32;
    %jmp T_3.6;
T_3.7 ;
    %wait E_0x7f87a420d980;
    %pushi/vec4 0, 0, 1;
    %store/vec4 v0x7f87a42203f0_0, 0, 1;
    %pushi/vec4 0, 0, 16;
    %store/vec4 v0x7f87a421fd00_0, 0, 16;
    %pushi/vec4 50, 0, 32;
T_3.14 %dup/vec4;
    %pushi/vec4 0, 0, 32;
    %cmp/s;
    %jmp/1xz T_3.15, 5;
    %jmp/1 T_3.15, 4;
    %pushi/vec4 1, 0, 32;
    %sub;
    %wait E_0x7f87a420d980;
    %jmp T_3.14;
T_3.15 ;
    %pop/vec4 1;
    %vpi_call/w 3 134 "$display", "Simulation Finished. Waveform dumped to notch_filter.vcd" {0 0 0};
    %vpi_call/w 3 135 "$display", "Data written to notch_io.txt" {0 0 0};
    %vpi_call/w 3 136 "$fclose", v0x7f87a421fe60_0 {0 0 0};
    %vpi_call/w 3 137 "$finish" {0 0 0};
    %end;
    .thread T_3;
    .scope S_0x7f87a420f140;
T_4 ;
    %wait E_0x7f87a420d980;
    %load/vec4 v0x7f87a421ffc0_0;
    %flag_set/vec4 8;
    %jmp/0xz  T_4.0, 8;
    %vpi_call/w 3 147 "$fdisplay", v0x7f87a421fe60_0, "%d, %d, %d, %d", v0x7f87a42203f0_0, v0x7f87a421fd00_0, v0x7f87a42204a0_0, v0x7f87a421fd90_0 {0 0 0};
T_4.0 ;
    %jmp T_4;
    .thread T_4;
# The file index is used to find the file name in the following table.
:file_names 5;
    "N/A";
    "<interactive>";
    "-";
    "tb_notch_filter.sv";
    "notch_filter.sv";
